<?xml version="1.0" encoding="UTF-8"?>
<!-- Generated by org.testng.reporters.JUnitReportReporter -->
<testsuite hostname="LAPTOP-MOMFRD5S" failures="0" tests="4" name="TestPack.Test2" time="17.933" errors="0" timestamp="2022-07-16T23:50:27 IST" skipped="0">
  <testcase classname="TestPack.Test2" name="clickOpen" time="3.740"/>
  <system-out/>
  <testcase classname="TestPack.Test2" name="clickAccount" time="5.178"/>
  <system-out/>
  <testcase classname="TestPack.Test2" name="clickAccount" time="3.344"/>
  <system-out/>
  <testcase classname="TestPack.Test2" name="clickOpen" time="5.671"/>
  <system-out/>
</testsuite> <!-- TestPack.Test2 -->
