<?xml version="1.0" encoding="UTF-8"?>
<!-- Generated by org.testng.reporters.JUnitReportReporter -->
<testsuite hostname="LAPTOP-MOMFRD5S" failures="0" tests="4" name="TestPack.Test1" time="17.900" errors="0" timestamp="2022-07-16T23:50:27 IST" skipped="0">
  <testcase classname="TestPack.Test1" name="clickOpen" time="6.676"/>
  <system-out/>
  <testcase classname="TestPack.Test1" name="clickAccount" time="2.767"/>
  <system-out/>
  <testcase classname="TestPack.Test1" name="clickAccount" time="2.721"/>
  <system-out/>
  <testcase classname="TestPack.Test1" name="clickOpen" time="5.736"/>
  <system-out/>
</testsuite> <!-- TestPack.Test1 -->
